{"numFailedTestSuites":0,"numFailedTests":0,"numPassedTestSuites":0,"numPassedTests":0,"numPendingTestSuites":0,"numPendingTests":0,"numRuntimeErrorTestSuites":0,"numTodoTests":0,"numTotalTestSuites":0,"numTotalTests":0,"openHandles":[],"snapshot":{"added":0,"didUpdate":false,"failure":false,"filesAdded":0,"filesRemoved":0,"filesRemovedList":[],"filesUnmatched":0,"filesUpdated":0,"matched":0,"total":0,"unchecked":0,"uncheckedKeysByFile":[],"unmatched":0,"updated":0},"startTime":1599413346858,"success":true,"testResults":[],"wasInterrupted":false,"coverageMap":{},"config":{"bail":0,"changedFilesWithAncestor":false,"collectCoverage":true,"collectCoverageFrom":[],"coverageDirectory":"/Volumes/DATA/pip/Projects/quickstart/public/coverage","coverageProvider":"babel","coverageReporters":["json","html"],"detectLeaks":false,"detectOpenHandles":false,"errorOnDeprecated":false,"expand":false,"findRelatedTests":false,"forceExit":false,"json":true,"lastCommit":false,"listTests":false,"logHeapUsage":false,"maxConcurrency":5,"maxWorkers":2,"noStackTrace":false,"nonFlagArgs":[],"notify":false,"notifyMode":"failure-change","onlyChanged":true,"onlyFailures":false,"outputFile":".storybook/.jest-test-results.json","passWithNoTests":true,"projects":[],"reporters":[["default",{}],["/Volumes/DATA/pip/Projects/quickstart/node_modules/jest-html-reporters/index.js",{"publicPath":"./public/tests","filename":"index.html","expand":true}]],"rootDir":"/Volumes/DATA/pip/Projects/quickstart","runTestsByPath":false,"skipFilter":false,"testFailureExitCode":1,"testPathPattern":"","testSequencer":"/Volumes/DATA/pip/Projects/quickstart/node_modules/@jest/test-sequencer/build/index.js","updateSnapshot":"new","useStderr":true,"watch":true,"watchAll":false,"watchPlugins":[{"config":{},"path":"/Volumes/DATA/pip/Projects/quickstart/node_modules/jest-watch-typeahead/filename.js"},{"config":{},"path":"/Volumes/DATA/pip/Projects/quickstart/node_modules/jest-watch-typeahead/testname.js"}],"watchman":true},"endTime":1599413346964,"_reporterOptions":{"publicPath":"./public/tests","filename":"index.html","expand":true},"attachInfos":{}}