{"numFailedTestSuites":0,"numFailedTests":0,"numPassedTestSuites":1,"numPassedTests":2,"numPendingTestSuites":0,"numPendingTests":0,"numRuntimeErrorTestSuites":0,"numTodoTests":0,"numTotalTestSuites":1,"numTotalTests":2,"openHandles":[],"snapshot":{"added":0,"didUpdate":false,"failure":false,"filesAdded":0,"filesRemoved":0,"filesRemovedList":[],"filesUnmatched":0,"filesUpdated":0,"matched":1,"total":1,"unchecked":0,"uncheckedKeysByFile":[],"unmatched":0,"updated":0},"startTime":1598832351235,"success":true,"testResults":[{"assertionResults":[{"ancestorTitles":["Header"],"failureMessages":[],"fullName":"Header Should render without an error","location":null,"status":"passed","title":"Should render without an error"},{"ancestorTitles":["Header"],"failureMessages":[],"fullName":"Header Should match the snapshot","location":null,"status":"passed","title":"Should match the snapshot"}],"endTime":1598832354742,"message":"","name":"C:\\Projects\\quickstart\\components\\Header\\Header.test.tsx","startTime":1598832352729,"status":"passed","summary":""}],"wasInterrupted":false}